D:\Visual Stdio\IDE\MSBuild\Microsoft\VC\v170\Microsoft.CppBuild.targets(1119,5): warning MSB8027: 名为 ui_font_Number.c 的两个或更多文件将生成到同一位置的输出。这会导致错误的生成结果。   调用的文件是 ui\fonts\ui_font_Number.c, ui\fonts\ui_font_Number.c。
D:\Visual Stdio\IDE\MSBuild\Microsoft\VC\v170\Microsoft.CppBuild.targets(1119,5): warning MSB8027: 名为 ui_img_1508907960.c 的两个或更多文件将生成到同一位置的输出。这会导致错误的生成结果。   调用的文件是 ui\images\ui_img_1508907960.c, ui\images\ui_img_1508907960.c。
D:\Visual Stdio\IDE\MSBuild\Microsoft\VC\v170\Microsoft.CppBuild.targets(1119,5): warning MSB8027: 名为 ui_img_1688708748.c 的两个或更多文件将生成到同一位置的输出。这会导致错误的生成结果。   调用的文件是 ui\images\ui_img_1688708748.c, ui\images\ui_img_1688708748.c。
D:\Visual Stdio\IDE\MSBuild\Microsoft\VC\v170\Microsoft.CppBuild.targets(1119,5): warning MSB8027: 名为 ui_img_876444160.c 的两个或更多文件将生成到同一位置的输出。这会导致错误的生成结果。   调用的文件是 ui\images\ui_img_876444160.c, ui\images\ui_img_876444160.c。
D:\Visual Stdio\IDE\MSBuild\Microsoft\VC\v170\Microsoft.CppBuild.targets(1119,5): warning MSB8027: 名为 ui_img_876457220.c 的两个或更多文件将生成到同一位置的输出。这会导致错误的生成结果。   调用的文件是 ui\images\ui_img_876457220.c, ui\images\ui_img_876457220.c。
D:\Visual Stdio\IDE\MSBuild\Microsoft\VC\v170\Microsoft.CppBuild.targets(1119,5): warning MSB8027: 名为 ui_img_back_png.c 的两个或更多文件将生成到同一位置的输出。这会导致错误的生成结果。   调用的文件是 ui\images\ui_img_back_png.c, ui\images\ui_img_back_png.c。
D:\Visual Stdio\IDE\MSBuild\Microsoft\VC\v170\Microsoft.CppBuild.targets(1119,5): warning MSB8027: 名为 ui_img_bibluetooth_png.c 的两个或更多文件将生成到同一位置的输出。这会导致错误的生成结果。   调用的文件是 ui\images\ui_img_bibluetooth_png.c, ui\images\ui_img_bibluetooth_png.c。
D:\Visual Stdio\IDE\MSBuild\Microsoft\VC\v170\Microsoft.CppBuild.targets(1119,5): warning MSB8027: 名为 ui_img_calculator1_png.c 的两个或更多文件将生成到同一位置的输出。这会导致错误的生成结果。   调用的文件是 ui\images\ui_img_calculator1_png.c, ui\images\ui_img_calculator1_png.c。
D:\Visual Stdio\IDE\MSBuild\Microsoft\VC\v170\Microsoft.CppBuild.targets(1119,5): warning MSB8027: 名为 ui_img_calculator_png.c 的两个或更多文件将生成到同一位置的输出。这会导致错误的生成结果。   调用的文件是 ui\images\ui_img_calculator_png.c, ui\images\ui_img_calculator_png.c。
D:\Visual Stdio\IDE\MSBuild\Microsoft\VC\v170\Microsoft.CppBuild.targets(1119,5): warning MSB8027: 名为 ui_img_card_png.c 的两个或更多文件将生成到同一位置的输出。这会导致错误的生成结果。   调用的文件是 ui\images\ui_img_card_png.c, ui\images\ui_img_card_png.c。
D:\Visual Stdio\IDE\MSBuild\Microsoft\VC\v170\Microsoft.CppBuild.targets(1119,5): warning MSB8027: 名为 ui_img_cat_png.c 的两个或更多文件将生成到同一位置的输出。这会导致错误的生成结果。   调用的文件是 ui\images\ui_img_cat_png.c, ui\images\ui_img_cat_png.c。
D:\Visual Stdio\IDE\MSBuild\Microsoft\VC\v170\Microsoft.CppBuild.targets(1119,5): warning MSB8027: 名为 ui_img_clock_png.c 的两个或更多文件将生成到同一位置的输出。这会导致错误的生成结果。   调用的文件是 ui\images\ui_img_clock_png.c, ui\images\ui_img_clock_png.c。
D:\Visual Stdio\IDE\MSBuild\Microsoft\VC\v170\Microsoft.CppBuild.targets(1119,5): warning MSB8027: 名为 ui_img_drain_png.c 的两个或更多文件将生成到同一位置的输出。这会导致错误的生成结果。   调用的文件是 ui\images\ui_img_drain_png.c, ui\images\ui_img_drain_png.c。
D:\Visual Stdio\IDE\MSBuild\Microsoft\VC\v170\Microsoft.CppBuild.targets(1119,5): warning MSB8027: 名为 ui_img_ggmoreo_png.c 的两个或更多文件将生成到同一位置的输出。这会导致错误的生成结果。   调用的文件是 ui\images\ui_img_ggmoreo_png.c, ui\images\ui_img_ggmoreo_png.c。
D:\Visual Stdio\IDE\MSBuild\Microsoft\VC\v170\Microsoft.CppBuild.targets(1119,5): warning MSB8027: 名为 ui_img_gomore3_png.c 的两个或更多文件将生成到同一位置的输出。这会导致错误的生成结果。   调用的文件是 ui\images\ui_img_gomore3_png.c, ui\images\ui_img_gomore3_png.c。
D:\Visual Stdio\IDE\MSBuild\Microsoft\VC\v170\Microsoft.CppBuild.targets(1119,5): warning MSB8027: 名为 ui_img_heart_png.c 的两个或更多文件将生成到同一位置的输出。这会导致错误的生成结果。   调用的文件是 ui\images\ui_img_heart_png.c, ui\images\ui_img_heart_png.c。
D:\Visual Stdio\IDE\MSBuild\Microsoft\VC\v170\Microsoft.CppBuild.targets(1119,5): warning MSB8027: 名为 ui_img_humidity_png.c 的两个或更多文件将生成到同一位置的输出。这会导致错误的生成结果。   调用的文件是 ui\images\ui_img_humidity_png.c, ui\images\ui_img_humidity_png.c。
D:\Visual Stdio\IDE\MSBuild\Microsoft\VC\v170\Microsoft.CppBuild.targets(1119,5): warning MSB8027: 名为 ui_img_iu1_png.c 的两个或更多文件将生成到同一位置的输出。这会导致错误的生成结果。   调用的文件是 ui\images\ui_img_iu1_png.c, ui\images\ui_img_iu1_png.c。
D:\Visual Stdio\IDE\MSBuild\Microsoft\VC\v170\Microsoft.CppBuild.targets(1119,5): warning MSB8027: 名为 ui_img_iu_bg2_png.c 的两个或更多文件将生成到同一位置的输出。这会导致错误的生成结果。   调用的文件是 ui\images\ui_img_iu_bg2_png.c, ui\images\ui_img_iu_bg2_png.c。
D:\Visual Stdio\IDE\MSBuild\Microsoft\VC\v170\Microsoft.CppBuild.targets(1119,5): warning MSB8027: 名为 ui_img_iu_bg3_png.c 的两个或更多文件将生成到同一位置的输出。这会导致错误的生成结果。   调用的文件是 ui\images\ui_img_iu_bg3_png.c, ui\images\ui_img_iu_bg3_png.c。
D:\Visual Stdio\IDE\MSBuild\Microsoft\VC\v170\Microsoft.CppBuild.targets(1119,5): warning MSB8027: 名为 ui_img_iu_bg_png.c 的两个或更多文件将生成到同一位置的输出。这会导致错误的生成结果。   调用的文件是 ui\images\ui_img_iu_bg_png.c, ui\images\ui_img_iu_bg_png.c。
D:\Visual Stdio\IDE\MSBuild\Microsoft\VC\v170\Microsoft.CppBuild.targets(1119,5): warning MSB8027: 名为 ui_img_light_png.c 的两个或更多文件将生成到同一位置的输出。这会导致错误的生成结果。   调用的文件是 ui\images\ui_img_light_png.c, ui\images\ui_img_light_png.c。
D:\Visual Stdio\IDE\MSBuild\Microsoft\VC\v170\Microsoft.CppBuild.targets(1119,5): warning MSB8027: 名为 ui_img_next_png.c 的两个或更多文件将生成到同一位置的输出。这会导致错误的生成结果。   调用的文件是 ui\images\ui_img_next_png.c, ui\images\ui_img_next_png.c。
D:\Visual Stdio\IDE\MSBuild\Microsoft\VC\v170\Microsoft.CppBuild.targets(1119,5): warning MSB8027: 名为 ui_img_nfcoff_png.c 的两个或更多文件将生成到同一位置的输出。这会导致错误的生成结果。   调用的文件是 ui\images\ui_img_nfcoff_png.c, ui\images\ui_img_nfcoff_png.c。
D:\Visual Stdio\IDE\MSBuild\Microsoft\VC\v170\Microsoft.CppBuild.targets(1119,5): warning MSB8027: 名为 ui_img_nfc_png.c 的两个或更多文件将生成到同一位置的输出。这会导致错误的生成结果。   调用的文件是 ui\images\ui_img_nfc_png.c, ui\images\ui_img_nfc_png.c。
D:\Visual Stdio\IDE\MSBuild\Microsoft\VC\v170\Microsoft.CppBuild.targets(1119,5): warning MSB8027: 名为 ui_img_opencal_png.c 的两个或更多文件将生成到同一位置的输出。这会导致错误的生成结果。   调用的文件是 ui\images\ui_img_opencal_png.c, ui\images\ui_img_opencal_png.c。
D:\Visual Stdio\IDE\MSBuild\Microsoft\VC\v170\Microsoft.CppBuild.targets(1119,5): warning MSB8027: 名为 ui_img_open_png.c 的两个或更多文件将生成到同一位置的输出。这会导致错误的生成结果。   调用的文件是 ui\images\ui_img_open_png.c, ui\images\ui_img_open_png.c。
D:\Visual Stdio\IDE\MSBuild\Microsoft\VC\v170\Microsoft.CppBuild.targets(1119,5): warning MSB8027: 名为 ui_img_phcalendar_png.c 的两个或更多文件将生成到同一位置的输出。这会导致错误的生成结果。   调用的文件是 ui\images\ui_img_phcalendar_png.c, ui\images\ui_img_phcalendar_png.c。
D:\Visual Stdio\IDE\MSBuild\Microsoft\VC\v170\Microsoft.CppBuild.targets(1119,5): warning MSB8027: 名为 ui_img_phsharefill_png.c 的两个或更多文件将生成到同一位置的输出。这会导致错误的生成结果。   调用的文件是 ui\images\ui_img_phsharefill_png.c, ui\images\ui_img_phsharefill_png.c。
D:\Visual Stdio\IDE\MSBuild\Microsoft\VC\v170\Microsoft.CppBuild.targets(1119,5): warning MSB8027: 名为 ui_img_play_png.c 的两个或更多文件将生成到同一位置的输出。这会导致错误的生成结果。   调用的文件是 ui\images\ui_img_play_png.c, ui\images\ui_img_play_png.c。
D:\Visual Stdio\IDE\MSBuild\Microsoft\VC\v170\Microsoft.CppBuild.targets(1119,5): warning MSB8027: 名为 ui_img_readcard_png.c 的两个或更多文件将生成到同一位置的输出。这会导致错误的生成结果。   调用的文件是 ui\images\ui_img_readcard_png.c, ui\images\ui_img_readcard_png.c。
D:\Visual Stdio\IDE\MSBuild\Microsoft\VC\v170\Microsoft.CppBuild.targets(1119,5): warning MSB8027: 名为 ui_img_setting_png.c 的两个或更多文件将生成到同一位置的输出。这会导致错误的生成结果。   调用的文件是 ui\images\ui_img_setting_png.c, ui\images\ui_img_setting_png.c。
D:\Visual Stdio\IDE\MSBuild\Microsoft\VC\v170\Microsoft.CppBuild.targets(1119,5): warning MSB8027: 名为 ui_img_step_png.c 的两个或更多文件将生成到同一位置的输出。这会导致错误的生成结果。   调用的文件是 ui\images\ui_img_step_png.c, ui\images\ui_img_step_png.c。
D:\Visual Stdio\IDE\MSBuild\Microsoft\VC\v170\Microsoft.CppBuild.targets(1119,5): warning MSB8027: 名为 ui_img_stoptime_png.c 的两个或更多文件将生成到同一位置的输出。这会导致错误的生成结果。   调用的文件是 ui\images\ui_img_stoptime_png.c, ui\images\ui_img_stoptime_png.c。
D:\Visual Stdio\IDE\MSBuild\Microsoft\VC\v170\Microsoft.CppBuild.targets(1119,5): warning MSB8027: 名为 ui_img_suspend_png.c 的两个或更多文件将生成到同一位置的输出。这会导致错误的生成结果。   调用的文件是 ui\images\ui_img_suspend_png.c, ui\images\ui_img_suspend_png.c。
D:\Visual Stdio\IDE\MSBuild\Microsoft\VC\v170\Microsoft.CppBuild.targets(1119,5): warning MSB8027: 名为 ui_img_tempature_png.c 的两个或更多文件将生成到同一位置的输出。这会导致错误的生成结果。   调用的文件是 ui\images\ui_img_tempature_png.c, ui\images\ui_img_tempature_png.c。
D:\Visual Stdio\IDE\MSBuild\Microsoft\VC\v170\Microsoft.CppBuild.targets(1119,5): warning MSB8027: 名为 ui_img_tokenolt_png.c 的两个或更多文件将生成到同一位置的输出。这会导致错误的生成结果。   调用的文件是 ui\images\ui_img_tokenolt_png.c, ui\images\ui_img_tokenolt_png.c。
D:\Visual Stdio\IDE\MSBuild\Microsoft\VC\v170\Microsoft.CppBuild.targets(1119,5): warning MSB8027: 名为 ui_img_wifi_png.c 的两个或更多文件将生成到同一位置的输出。这会导致错误的生成结果。   调用的文件是 ui\images\ui_img_wifi_png.c, ui\images\ui_img_wifi_png.c。
D:\Visual Stdio\IDE\MSBuild\Microsoft\VC\v170\Microsoft.CppBuild.targets(1119,5): warning MSB8027: 名为 ui_img_writecard_png.c 的两个或更多文件将生成到同一位置的输出。这会导致错误的生成结果。   调用的文件是 ui\images\ui_img_writecard_png.c, ui\images\ui_img_writecard_png.c。
D:\Visual Stdio\IDE\MSBuild\Microsoft\VC\v170\Microsoft.CppBuild.targets(1119,5): warning MSB8027: 名为 ui_HomePage1.c 的两个或更多文件将生成到同一位置的输出。这会导致错误的生成结果。   调用的文件是 ui\screens\ui_HomePage1.c, ui\screens\ui_HomePage1.c。
D:\Visual Stdio\IDE\MSBuild\Microsoft\VC\v170\Microsoft.CppBuild.targets(1119,5): warning MSB8027: 名为 ui_MessageArcPage.c 的两个或更多文件将生成到同一位置的输出。这会导致错误的生成结果。   调用的文件是 ui\screens\ui_MessageArcPage.c, ui\screens\ui_MessageArcPage.c。
D:\Visual Stdio\IDE\MSBuild\Microsoft\VC\v170\Microsoft.CppBuild.targets(1119,5): warning MSB8027: 名为 ui_MusicPage.c 的两个或更多文件将生成到同一位置的输出。这会导致错误的生成结果。   调用的文件是 ui\screens\ui_MusicPage.c, ui\screens\ui_MusicPage.c。
D:\Visual Stdio\IDE\MSBuild\Microsoft\VC\v170\Microsoft.CppBuild.targets(1119,5): warning MSB8027: 名为 ui_Navigation.c 的两个或更多文件将生成到同一位置的输出。这会导致错误的生成结果。   调用的文件是 ui\screens\ui_Navigation.c, ui\screens\ui_Navigation.c。
D:\Visual Stdio\IDE\MSBuild\Microsoft\VC\v170\Microsoft.CppBuild.targets(1119,5): warning MSB8027: 名为 ui_NFCCardPage.c 的两个或更多文件将生成到同一位置的输出。这会导致错误的生成结果。   调用的文件是 ui\screens\ui_NFCCardPage.c, ui\screens\ui_NFCCardPage.c。
D:\Visual Stdio\IDE\MSBuild\Microsoft\VC\v170\Microsoft.CppBuild.targets(1119,5): warning MSB8027: 名为 ui.c 的两个或更多文件将生成到同一位置的输出。这会导致错误的生成结果。   调用的文件是 ui\ui.c, ui\ui.c。
D:\Visual Stdio\IDE\MSBuild\Microsoft\VC\v170\Microsoft.CppBuild.targets(1119,5): warning MSB8027: 名为 ui_events.c 的两个或更多文件将生成到同一位置的输出。这会导致错误的生成结果。   调用的文件是 ui\ui_events.c, ui\ui_events.c。
D:\Visual Stdio\IDE\MSBuild\Microsoft\VC\v170\Microsoft.CppBuild.targets(1119,5): warning MSB8027: 名为 ui_helpers.c 的两个或更多文件将生成到同一位置的输出。这会导致错误的生成结果。   调用的文件是 ui\ui_helpers.c, ui\ui_helpers.c。
  ui_HomePage1.c
  ui_HomePage1.c
  LVGL.Simulator.vcxproj -> D:\2024710Embeded Learn\My FreeRtos\F407-LVGL-Watch\LVGL\APP\Vs2022\Qi_Watch\Output\Binaries\Debug\x64\Qi_Watch.exe
